well	5
with	6
was	2
year	1
would	1
weather	1
you	4
wrong	2
were	1
warmth	1
Wind	1
warmer	2
welcome	1
well	5
with	6
was	2
year	1
would	1
weather	1
you	4
wrong	2
were	1
warmth	1
Wind	1
warmer	2
welcome	1
well	5
with	6
was	2
year	1
would	1
weather	1
you	4
wrong	2
were	1
warmth	1
Wind	1
warmer	2
welcome	1
well	5
with	6
was	2
year	1
would	1
weather	1
you	4
wrong	2
were	1
warmth	1
Wind	1
warmer	2
welcome	1
well	5
with	6
was	2
year	1
would	1
weather	1
you	4
wrong	2
were	1
warmth	1
Wind	1
warmer	2
welcome	1
well	5
with	6
was	2
year	1
would	1
weather	1
you	4
wrong	2
were	1
warmth	1
Wind	1
warmer	2
welcome	1
