from	6
City	5
about	5
clock	5
afternoon	5
disgusted	5
been	3
Country	1
and	9
fed	1
anyone	1
a	2
ago	1
feeling	1
at	1
but	1
fact	1
Englishman	1
couldn	1
get	1
enough	1
exercise	1
amusements	1
as	2
flat	1
got	2
ditch	2
friend	2
better	2
climb	2
began	1
At	2
first	1
beams	1
gentle	1
after	1
bitter	1
cold	1
cloak	2
grew	1
cap	1
brow	1
became	1
escape	1
blazing	1
down	1
by	1
from	6
City	5
about	5
clock	5
afternoon	5
disgusted	5
been	3
Country	1
and	9
fed	1
anyone	1
a	2
ago	1
feeling	1
at	1
but	1
fact	1
Englishman	1
couldn	1
get	1
enough	1
exercise	1
amusements	1
as	2
flat	1
got	2
ditch	2
friend	2
better	2
climb	2
began	1
At	2
first	1
beams	1
gentle	1
after	1
bitter	1
cold	1
cloak	2
grew	1
cap	1
brow	1
became	1
escape	1
blazing	1
down	1
by	1
from	6
City	5
about	5
clock	5
afternoon	5
disgusted	5
been	3
Country	1
and	9
fed	1
anyone	1
a	2
ago	1
feeling	1
at	1
but	1
fact	1
Englishman	1
couldn	1
get	1
enough	1
exercise	1
amusements	1
as	2
flat	1
got	2
ditch	2
friend	2
better	2
climb	2
began	1
At	2
first	1
beams	1
gentle	1
after	1
bitter	1
cold	1
cloak	2
grew	1
cap	1
brow	1
became	1
escape	1
blazing	1
down	1
by	1
from	6
City	5
about	5
clock	5
afternoon	5
disgusted	5
been	3
Country	1
and	9
fed	1
anyone	1
a	2
ago	1
feeling	1
at	1
but	1
fact	1
Englishman	1
couldn	1
get	1
enough	1
exercise	1
amusements	1
as	2
flat	1
got	2
ditch	2
friend	2
better	2
climb	2
began	1
At	2
first	1
beams	1
gentle	1
after	1
bitter	1
cold	1
cloak	2
grew	1
cap	1
brow	1
became	1
escape	1
blazing	1
down	1
by	1
from	6
City	5
about	5
clock	5
afternoon	5
disgusted	5
been	3
Country	1
and	9
fed	1
anyone	1
a	2
ago	1
feeling	1
at	1
but	1
fact	1
Englishman	1
couldn	1
get	1
enough	1
exercise	1
amusements	1
as	2
flat	1
got	2
ditch	2
friend	2
better	2
climb	2
began	1
At	2
first	1
beams	1
gentle	1
after	1
bitter	1
cold	1
cloak	2
grew	1
cap	1
brow	1
became	1
escape	1
blazing	1
down	1
by	1
from	6
City	5
about	5
clock	5
afternoon	5
disgusted	5
been	3
Country	1
and	9
fed	1
anyone	1
a	2
ago	1
feeling	1
at	1
but	1
fact	1
Englishman	1
couldn	1
get	1
enough	1
exercise	1
amusements	1
as	2
flat	1
got	2
ditch	2
friend	2
better	2
climb	2
began	1
At	2
first	1
beams	1
gentle	1
after	1
bitter	1
cold	1
cloak	2
grew	1
cap	1
brow	1
became	1
escape	1
blazing	1
down	1
by	1
