I	11
May	5
life	5
had	4
months	1
in	4
it	2
If	1
me	3
have	4
like	1
laughed	1
him	1
made	2
liverish	1
London	1
has	1
Hannay	2
kept	2
myself	2
into	2
my	2
his	6
North	1
let	1
hang	1
loosely	1
man	1
mopped	1
last	1
he	2
heated	1
himself	1
I	11
May	5
life	5
had	4
months	1
in	4
it	2
If	1
me	3
have	4
like	1
laughed	1
him	1
made	2
liverish	1
London	1
has	1
Hannay	2
kept	2
myself	2
into	2
my	2
his	6
North	1
let	1
hang	1
loosely	1
man	1
mopped	1
last	1
he	2
heated	1
himself	1
I	11
May	5
life	5
had	4
months	1
in	4
it	2
If	1
me	3
have	4
like	1
laughed	1
him	1
made	2
liverish	1
London	1
has	1
Hannay	2
kept	2
myself	2
into	2
my	2
his	6
North	1
let	1
hang	1
loosely	1
man	1
mopped	1
last	1
he	2
heated	1
himself	1
I	11
May	5
life	5
had	4
months	1
in	4
it	2
If	1
me	3
have	4
like	1
laughed	1
him	1
made	2
liverish	1
London	1
has	1
Hannay	2
kept	2
myself	2
into	2
my	2
his	6
North	1
let	1
hang	1
loosely	1
man	1
mopped	1
last	1
he	2
heated	1
himself	1
I	11
May	5
life	5
had	4
months	1
in	4
it	2
If	1
me	3
have	4
like	1
laughed	1
him	1
made	2
liverish	1
London	1
has	1
Hannay	2
kept	2
myself	2
into	2
my	2
his	6
North	1
let	1
hang	1
loosely	1
man	1
mopped	1
last	1
he	2
heated	1
himself	1
I	11
May	5
life	5
had	4
months	1
in	4
it	2
If	1
me	3
have	4
like	1
laughed	1
him	1
made	2
liverish	1
London	1
has	1
Hannay	2
kept	2
myself	2
into	2
my	2
his	6
North	1
let	1
hang	1
loosely	1
man	1
mopped	1
last	1
he	2
heated	1
himself	1
