returned	5
the	21
three	6
o	5
on	5
that	9
pretty	5
Old	1
up	1
told	1
should	1
there	1
The	3
talk	1
of	4
ordinary	1
sick	1
t	1
seemed	1
soda-water	1
standing	1
sun	1
Richard	2
telling	2
out	2
Then	1
Sun	2
to	2
shine	1
pleasant	1
Traveler	1
unfastened	1
shoulders	1
s	1
rays	1
took	1
off	2
so	1
pulled	1
sunshine	1
threw	1
shade	1
tree	1
roadside	1
returned	5
the	21
three	6
o	5
on	5
that	9
pretty	5
Old	1
up	1
told	1
should	1
there	1
The	3
talk	1
of	4
ordinary	1
sick	1
t	1
seemed	1
soda-water	1
standing	1
sun	1
Richard	2
telling	2
out	2
Then	1
Sun	2
to	2
shine	1
pleasant	1
Traveler	1
unfastened	1
shoulders	1
s	1
rays	1
took	1
off	2
so	1
pulled	1
sunshine	1
threw	1
shade	1
tree	1
roadside	1
returned	5
the	21
three	6
o	5
on	5
that	9
pretty	5
Old	1
up	1
told	1
should	1
there	1
The	3
talk	1
of	4
ordinary	1
sick	1
t	1
seemed	1
soda-water	1
standing	1
sun	1
Richard	2
telling	2
out	2
Then	1
Sun	2
to	2
shine	1
pleasant	1
Traveler	1
unfastened	1
shoulders	1
s	1
rays	1
took	1
off	2
so	1
pulled	1
sunshine	1
threw	1
shade	1
tree	1
roadside	1
returned	5
the	21
three	6
o	5
on	5
that	9
pretty	5
Old	1
up	1
told	1
should	1
there	1
The	3
talk	1
of	4
ordinary	1
sick	1
t	1
seemed	1
soda-water	1
standing	1
sun	1
Richard	2
telling	2
out	2
Then	1
Sun	2
to	2
shine	1
pleasant	1
Traveler	1
unfastened	1
shoulders	1
s	1
rays	1
took	1
off	2
so	1
pulled	1
sunshine	1
threw	1
shade	1
tree	1
roadside	1
returned	5
the	21
three	6
o	5
on	5
that	9
pretty	5
Old	1
up	1
told	1
should	1
there	1
The	3
talk	1
of	4
ordinary	1
sick	1
t	1
seemed	1
soda-water	1
standing	1
sun	1
Richard	2
telling	2
out	2
Then	1
Sun	2
to	2
shine	1
pleasant	1
Traveler	1
unfastened	1
shoulders	1
s	1
rays	1
took	1
off	2
so	1
pulled	1
sunshine	1
threw	1
shade	1
tree	1
roadside	1
returned	5
the	21
three	6
o	5
on	5
that	9
pretty	5
Old	1
up	1
told	1
should	1
there	1
The	3
talk	1
of	4
ordinary	1
sick	1
t	1
seemed	1
soda-water	1
standing	1
sun	1
Richard	2
telling	2
out	2
Then	1
Sun	2
to	2
shine	1
pleasant	1
Traveler	1
unfastened	1
shoulders	1
s	1
rays	1
took	1
off	2
so	1
pulled	1
sunshine	1
threw	1
shade	1
tree	1
roadside	1
